<?xml version="1.0" encoding="UTF-8"?>
<!-- Generated by org.testng.reporters.JUnitReportReporter -->
<testsuite skipped="0" hostname="DESKTOP-5I7GLOF" name="bookingTickets.AirCanada2.Launch" tests="1" failures="0" timestamp="11 May 2020 18:42:39 GMT" time="0.689" errors="0">
  <testcase name="quit" time="0.689" classname="bookingTickets.AirCanada2.Launch"/>
</testsuite> <!-- bookingTickets.AirCanada2.Launch -->
